[debug] [2025-04-22T08:38:48.055Z] ----------------------------------------------------------------------
[debug] [2025-04-22T08:38:48.061Z] Command:       C:\Program Files\nodejs\node.exe D:\CEDT02\SE-Lab\GGGG\node_modules\firebase-tools\lib\bin\firebase.js emulators:start
[debug] [2025-04-22T08:38:48.062Z] CLI Version:   14.2.0
[debug] [2025-04-22T08:38:48.062Z] Platform:      win32
[debug] [2025-04-22T08:38:48.062Z] Node Version:  v20.14.0
[debug] [2025-04-22T08:38:48.063Z] Time:          Tue Apr 22 2025 15:38:48 GMT+0700 (Indochina Time)
[debug] [2025-04-22T08:38:48.063Z] ----------------------------------------------------------------------
[debug] 
[debug] [2025-04-22T08:38:48.463Z] > command requires scopes: ["email","openid","https://www.googleapis.com/auth/cloudplatformprojects.readonly","https://www.googleapis.com/auth/firebase","https://www.googleapis.com/auth/cloud-platform"]
[debug] [2025-04-22T08:38:48.463Z] > authorizing via signed-in user (sira.siravut@gmail.com)
[info] i  emulators: Starting emulators: hosting {"metadata":{"emulator":{"name":"hub"},"message":"Starting emulators: hosting"}}
[warn] !  hub: emulator hub unable to start on port 4400, starting on 4401 instead. {"metadata":{"emulator":{"name":"hub"},"message":"emulator hub unable to start on port 4400, starting on 4401 instead."}}
[warn] !  logging: Logging Emulator unable to start on port 4500, starting on 4501 instead. {"metadata":{"emulator":{"name":"logging"},"message":"Logging Emulator unable to start on port 4500, starting on 4501 instead."}}
[debug] [2025-04-22T08:38:48.482Z] [logging] Logging Emulator only supports listening on one address (127.0.0.1). Not listening on ::1
[warn] !  hosting: Hosting Emulator unable to start on port 5000, starting on 5002 instead. {"metadata":{"emulator":{"name":"hosting"},"message":"Hosting Emulator unable to start on port 5000, starting on 5002 instead."}}
[debug] [2025-04-22T08:38:48.483Z] [hosting] Hosting Emulator only supports listening on one address (127.0.0.1). Not listening on ::1
[debug] [2025-04-22T08:38:48.484Z] assigned listening specs for emulators {"user":{"hub":[{"address":"127.0.0.1","family":"IPv4","port":4401},{"address":"::1","family":"IPv6","port":4401}],"logging":[{"address":"127.0.0.1","family":"IPv4","port":4501}],"hosting":[{"address":"127.0.0.1","family":"IPv4","port":5002}]},"metadata":{"message":"assigned listening specs for emulators"}}
[warn] !  emulators: It seems that you are running multiple instances of the emulator suite for project fireship-lessons. This may result in unexpected behavior. 
[debug] [2025-04-22T08:38:48.495Z] [hub] writing locator at C:\Users\WINDOW~1\AppData\Local\Temp\hub-fireship-lessons.json
[debug] [2025-04-22T08:38:48.531Z] Checked if tokens are valid: true, expires at: 1745314273376
[debug] [2025-04-22T08:38:48.531Z] Checked if tokens are valid: true, expires at: 1745314273376
[debug] [2025-04-22T08:38:48.534Z] >>> [apiv2][query] GET https://firebasehosting.googleapis.com/v1beta1/projects/fireship-lessons/sites 
[debug] [2025-04-22T08:38:49.142Z] <<< [apiv2][status] GET https://firebasehosting.googleapis.com/v1beta1/projects/fireship-lessons/sites 403
[debug] [2025-04-22T08:38:49.142Z] <<< [apiv2][body] GET https://firebasehosting.googleapis.com/v1beta1/projects/fireship-lessons/sites {"error":{"code":403,"message":"Permission 'firebasehosting.sites.get' denied on resource 'projects/fireship-lessons' (or it may not exist)","status":"PERMISSION_DENIED"}}
[debug] [2025-04-22T08:38:49.143Z] Failed to list hosting sites
[debug] Request to https://firebasehosting.googleapis.com/v1beta1/projects/fireship-lessons/sites had HTTP Error: 403, Permission 'firebasehosting.sites.get' denied on resource 'projects/fireship-lessons' (or it may not exist)
[debug] [2025-04-22T08:38:49.143Z] Checked if tokens are valid: true, expires at: 1745314273376
[debug] [2025-04-22T08:38:49.143Z] Checked if tokens are valid: true, expires at: 1745314273376
[debug] [2025-04-22T08:38:49.143Z] >>> [apiv2][query] GET https://firebase.googleapis.com/v1beta1/projects/fireship-lessons/webApps/-/config [none]
[debug] [2025-04-22T08:38:49.534Z] <<< [apiv2][status] GET https://firebase.googleapis.com/v1beta1/projects/fireship-lessons/webApps/-/config 403
[debug] [2025-04-22T08:38:49.534Z] <<< [apiv2][body] GET https://firebase.googleapis.com/v1beta1/projects/fireship-lessons/webApps/-/config {"error":{"code":403,"message":"The caller does not have permission","status":"PERMISSION_DENIED"}}
[debug] [2025-04-22T08:38:49.534Z] fetchWebSetup error: FirebaseError: Request to https://firebase.googleapis.com/v1beta1/projects/fireship-lessons/webApps/-/config had HTTP Error: 403, The caller does not have permission
[warn] !  hosting: Authentication error when trying to fetch your current web app configuration, have you run firebase login? 
[warn] !  hosting: Could not fetch web app configuration and there is no cached configuration on this machine. Check your internet connection and make sure you are authenticated. To continue, you must call firebase.initializeApp({...}) in your code before using Firebase. 
[debug] [2025-04-22T08:38:49.537Z] Checked if tokens are valid: true, expires at: 1745314273376
[debug] [2025-04-22T08:38:49.537Z] Checked if tokens are valid: true, expires at: 1745314273376
[debug] [2025-04-22T08:38:49.537Z] >>> [apiv2][query] GET https://firebase.googleapis.com/v1beta1/projects/fireship-lessons [none]
[debug] [2025-04-22T08:38:50.834Z] <<< [apiv2][status] GET https://firebase.googleapis.com/v1beta1/projects/fireship-lessons 403
[debug] [2025-04-22T08:38:50.834Z] <<< [apiv2][body] GET https://firebase.googleapis.com/v1beta1/projects/fireship-lessons {"error":{"code":403,"message":"The caller does not have permission","status":"PERMISSION_DENIED"}}
[debug] [2025-04-22T08:38:50.834Z] Request to https://firebase.googleapis.com/v1beta1/projects/fireship-lessons had HTTP Error: 403, The caller does not have permission
[info] i  hosting[fireship-lessons]: Serving hosting files from: public {"metadata":{"emulator":{"name":"hosting"},"message":"Serving hosting files from: \u001b[1mpublic\u001b[22m"}}
[info] +  hosting[fireship-lessons]: Local server: http://127.0.0.1:5002 {"metadata":{"emulator":{"name":"hosting"},"message":"Local server: \u001b[4m\u001b[1mhttp://127.0.0.1:5002\u001b[22m\u001b[24m"}}
[warn] !  emulators: The Emulator UI is not starting, either because none of the running emulators have a UI component or the Emulator UI cannot determine the Project ID. Pass the --project flag to specify a project. {"metadata":{"emulator":{"name":"hub"},"message":"The Emulator UI is not starting, either because none of the running emulators have a UI component or the Emulator UI cannot determine the Project ID. Pass the --project flag to specify a project."}}
[debug] [2025-04-22T08:38:50.854Z] Could not find VSCode notification endpoint: FetchError: request to http://localhost:40001/vscode/notify failed, reason: . If you are not running the Firebase Data Connect VSCode extension, this is expected and not an issue.
[info] 
┌─────────────────────────────────────────────────────────────┐
│ ✔  All emulators ready! It is now safe to connect your app. │
└─────────────────────────────────────────────────────────────┘

┌──────────┬────────────────┐
│ Emulator │ Host:Port      │
├──────────┼────────────────┤
│ Hosting  │ 127.0.0.1:5002 │
└──────────┴────────────────┘
  Emulator Hub host: 127.0.0.1 port: 4401
  Other reserved ports: 4501

Issues? Report them at https://github.com/firebase/firebase-tools/issues and attach the *-debug.log files.
 
